<?xml version="1.0" encoding="UTF-8"?>
<testng-results skipped="0" failed="0" total="1" passed="1">
  <reporter-output>
  </reporter-output>
  <suite name="Suite" duration-ms="35579" started-at="2020-07-24T08:28:47Z" finished-at="2020-07-24T08:29:22Z">
    <groups>
      <group name="cucumber">
        <method signature="TestRunner.feature(cucumber.api.testng.CucumberFeatureWrapper)[pri:0, instance:MyRunner.TestRunner@4f7d0008]" name="feature" class="MyRunner.TestRunner"/>
      </group> <!-- cucumber -->
    </groups>
    <test name="Test" duration-ms="35579" started-at="2020-07-24T08:28:47Z" finished-at="2020-07-24T08:29:22Z">
      <class name="MyRunner.TestRunner">
        <test-method status="PASS" signature="setUpClass()[pri:0, instance:MyRunner.TestRunner@4f7d0008]" name="setUpClass" is-config="true" duration-ms="364" started-at="2020-07-24T13:58:47Z" finished-at="2020-07-24T13:58:47Z">
          <reporter-output>
          </reporter-output>
        </test-method> <!-- setUpClass -->
        <test-method status="PASS" signature="feature(cucumber.api.testng.CucumberFeatureWrapper)[pri:0, instance:MyRunner.TestRunner@4f7d0008]" name="feature" duration-ms="35025" started-at="2020-07-24T13:58:47Z" description="Runs Cucumber Feature" data-provider="features" finished-at="2020-07-24T13:59:22Z">
          <params>
            <param index="0">
              <value>
                <![CDATA[Free CRM Login Feature]]>
              </value>
            </param>
          </params>
          <reporter-output>
          </reporter-output>
        </test-method> <!-- feature -->
        <test-method status="PASS" signature="tearDownClass()[pri:0, instance:MyRunner.TestRunner@4f7d0008]" name="tearDownClass" is-config="true" duration-ms="39" started-at="2020-07-24T13:59:22Z" finished-at="2020-07-24T13:59:22Z">
          <reporter-output>
          </reporter-output>
        </test-method> <!-- tearDownClass -->
      </class> <!-- MyRunner.TestRunner -->
    </test> <!-- Test -->
  </suite> <!-- Suite -->
</testng-results>
